/home/matheus/Documents/Projeto/ros2_ws/install/go2_main/lib/python3.10/site-packages/go2_main/__init__.py
/home/matheus/Documents/Projeto/ros2_ws/install/go2_main/lib/python3.10/site-packages/go2_main/valores_juntas.py
/home/matheus/Documents/Projeto/ros2_ws/install/go2_main/lib/python3.10/site-packages/go2_main/broadcast_tf.py
/home/matheus/Documents/Projeto/ros2_ws/install/go2_main/lib/python3.10/site-packages/go2_main/calculos.py
/home/matheus/Documents/Projeto/ros2_ws/install/go2_main/lib/python3.10/site-packages/go2_main/pointcloud_bridge.py
/home/matheus/Documents/Projeto/ros2_ws/install/go2_main/lib/python3.10/site-packages/go2_main/__pycache__/__init__.cpython-310.pyc
/home/matheus/Documents/Projeto/ros2_ws/install/go2_main/lib/python3.10/site-packages/go2_main/__pycache__/valores_juntas.cpython-310.pyc
/home/matheus/Documents/Projeto/ros2_ws/install/go2_main/lib/python3.10/site-packages/go2_main/__pycache__/broadcast_tf.cpython-310.pyc
/home/matheus/Documents/Projeto/ros2_ws/install/go2_main/lib/python3.10/site-packages/go2_main/__pycache__/calculos.cpython-310.pyc
/home/matheus/Documents/Projeto/ros2_ws/install/go2_main/lib/python3.10/site-packages/go2_main/__pycache__/pointcloud_bridge.cpython-310.pyc
/home/matheus/Documents/Projeto/ros2_ws/install/go2_main/share/ament_index/resource_index/packages/go2_main
/home/matheus/Documents/Projeto/ros2_ws/install/go2_main/share/go2_main/package.xml
/home/matheus/Documents/Projeto/ros2_ws/install/go2_main/share/go2_main/launch/robot_go2_velodyne_puro.launch.py
/home/matheus/Documents/Projeto/ros2_ws/install/go2_main/share/go2_main/launch/robot_go2_velodyne_cloud_to_laser_pkg.launch.py
/home/matheus/Documents/Projeto/ros2_ws/install/go2_main/share/go2_main/launch/robot_go2_original.launch.py
/home/matheus/Documents/Projeto/ros2_ws/install/go2_main/share/go2_main/launch/robot_go2_velodyne_laserscan_pkg.launch.py
/home/matheus/Documents/Projeto/ros2_ws/install/go2_main/lib/python3.10/site-packages/go2_main-0.0.0-py3.10.egg-info/requires.txt
/home/matheus/Documents/Projeto/ros2_ws/install/go2_main/lib/python3.10/site-packages/go2_main-0.0.0-py3.10.egg-info/zip-safe
/home/matheus/Documents/Projeto/ros2_ws/install/go2_main/lib/python3.10/site-packages/go2_main-0.0.0-py3.10.egg-info/SOURCES.txt
/home/matheus/Documents/Projeto/ros2_ws/install/go2_main/lib/python3.10/site-packages/go2_main-0.0.0-py3.10.egg-info/dependency_links.txt
/home/matheus/Documents/Projeto/ros2_ws/install/go2_main/lib/python3.10/site-packages/go2_main-0.0.0-py3.10.egg-info/top_level.txt
/home/matheus/Documents/Projeto/ros2_ws/install/go2_main/lib/python3.10/site-packages/go2_main-0.0.0-py3.10.egg-info/entry_points.txt
/home/matheus/Documents/Projeto/ros2_ws/install/go2_main/lib/python3.10/site-packages/go2_main-0.0.0-py3.10.egg-info/PKG-INFO
/home/matheus/Documents/Projeto/ros2_ws/install/go2_main/lib/go2_main/broadcast_tf
/home/matheus/Documents/Projeto/ros2_ws/install/go2_main/lib/go2_main/pointcloud_bridge
/home/matheus/Documents/Projeto/ros2_ws/install/go2_main/lib/go2_main/valores_juntas
