[0.011s] Invoking command in '/home/matheus/Documents/Projeto/ros2_ws/build/go2_description': CMAKE_PREFIX_PATH=${CMAKE_PREFIX_PATH}:/home/matheus/Documents/Projeto/ros2_ws/install/go2_main:/opt/ros/humble /usr/bin/cmake /home/matheus/Documents/Projeto/ros2_ws/src/go2_description -DCMAKE_INSTALL_PREFIX=/home/matheus/Documents/Projeto/ros2_ws/install/go2_description
[0.158s] -- The C compiler identification is GNU 11.4.0
[0.273s] -- The CXX compiler identification is GNU 11.4.0
[0.281s] -- Detecting C compiler ABI info
[0.335s] -- Detecting C compiler ABI info - done
[0.340s] -- Check for working C compiler: /usr/bin/cc - skipped
[0.341s] -- Detecting C compile features
[0.341s] -- Detecting C compile features - done
[0.344s] -- Detecting CXX compiler ABI info
[0.411s] -- Detecting CXX compiler ABI info - done
[0.414s] -- Check for working CXX compiler: /usr/bin/c++ - skipped
[0.414s] -- Detecting CXX compile features
[0.414s] -- Detecting CXX compile features - done
[0.419s] -- Found ament_cmake: 1.3.10 (/opt/ros/humble/share/ament_cmake/cmake)
[0.539s] -- Found Python3: /usr/bin/python3 (found version "3.10.12") found components: Interpreter 
[0.629s] -- Found urdf: 2.6.0 (/opt/ros/humble/share/urdf/cmake)
[0.686s] -- Found xacro: 2.0.8 (/opt/ros/humble/share/xacro/cmake)
[0.688s] -- Found ament_lint_auto: 0.12.11 (/opt/ros/humble/share/ament_lint_auto/cmake)
[0.759s] -- Added test 'flake8' to check Python code syntax and style conventions
[0.761s] -- Added test 'lint_cmake' to check CMake code style
[0.761s] -- Added test 'pep257' to check Python code against some of the docstring style conventions in PEP 257
[0.762s] -- Added test 'xmllint' to check XML markup files
[0.763s] -- Configuring done
[0.765s] -- Generating done
[0.766s] -- Build files have been written to: /home/matheus/Documents/Projeto/ros2_ws/build/go2_description
[0.773s] Invoked command in '/home/matheus/Documents/Projeto/ros2_ws/build/go2_description' returned '0': CMAKE_PREFIX_PATH=${CMAKE_PREFIX_PATH}:/home/matheus/Documents/Projeto/ros2_ws/install/go2_main:/opt/ros/humble /usr/bin/cmake /home/matheus/Documents/Projeto/ros2_ws/src/go2_description -DCMAKE_INSTALL_PREFIX=/home/matheus/Documents/Projeto/ros2_ws/install/go2_description
[0.773s] Invoking command in '/home/matheus/Documents/Projeto/ros2_ws/build/go2_description': CMAKE_PREFIX_PATH=${CMAKE_PREFIX_PATH}:/home/matheus/Documents/Projeto/ros2_ws/install/go2_main:/opt/ros/humble /usr/bin/cmake --build /home/matheus/Documents/Projeto/ros2_ws/build/go2_description -- -j8 -l8
[0.801s] Invoked command in '/home/matheus/Documents/Projeto/ros2_ws/build/go2_description' returned '0': CMAKE_PREFIX_PATH=${CMAKE_PREFIX_PATH}:/home/matheus/Documents/Projeto/ros2_ws/install/go2_main:/opt/ros/humble /usr/bin/cmake --build /home/matheus/Documents/Projeto/ros2_ws/build/go2_description -- -j8 -l8
[0.824s] Invoking command in '/home/matheus/Documents/Projeto/ros2_ws/build/go2_description': CMAKE_PREFIX_PATH=${CMAKE_PREFIX_PATH}:/home/matheus/Documents/Projeto/ros2_ws/install/go2_main:/opt/ros/humble /usr/bin/cmake --install /home/matheus/Documents/Projeto/ros2_ws/build/go2_description
[0.830s] -- Install configuration: ""
[0.830s] -- Installing: /home/matheus/Documents/Projeto/ros2_ws/install/go2_description/share/go2_description//dae
[0.830s] -- Installing: /home/matheus/Documents/Projeto/ros2_ws/install/go2_description/share/go2_description//dae/thigh.dae
[0.838s] -- Installing: /home/matheus/Documents/Projeto/ros2_ws/install/go2_description/share/go2_description//dae/calf.dae
[0.841s] -- Installing: /home/matheus/Documents/Projeto/ros2_ws/install/go2_description/share/go2_description//dae/base.dae
[0.862s] -- Installing: /home/matheus/Documents/Projeto/ros2_ws/install/go2_description/share/go2_description//dae/foot.dae
[0.864s] -- Installing: /home/matheus/Documents/Projeto/ros2_ws/install/go2_description/share/go2_description//dae/calf_mirror.dae
[0.867s] -- Installing: /home/matheus/Documents/Projeto/ros2_ws/install/go2_description/share/go2_description//dae/hip.dae
[0.876s] -- Installing: /home/matheus/Documents/Projeto/ros2_ws/install/go2_description/share/go2_description//dae/thigh_mirror.dae
[0.884s] -- Installing: /home/matheus/Documents/Projeto/ros2_ws/install/go2_description/share/go2_description//launch
[0.885s] -- Installing: /home/matheus/Documents/Projeto/ros2_ws/install/go2_description/share/go2_description//launch/robot.launch.py
[0.885s] -- Installing: /home/matheus/Documents/Projeto/ros2_ws/install/go2_description/share/go2_description//meshes
[0.885s] -- Installing: /home/matheus/Documents/Projeto/ros2_ws/install/go2_description/share/go2_description//meshes/trunk.dae
[0.906s] -- Installing: /home/matheus/Documents/Projeto/ros2_ws/install/go2_description/share/go2_description//meshes/thigh.dae
[0.914s] -- Installing: /home/matheus/Documents/Projeto/ros2_ws/install/go2_description/share/go2_description//meshes/calf.dae
[0.917s] -- Installing: /home/matheus/Documents/Projeto/ros2_ws/install/go2_description/share/go2_description//meshes/foot.dae
[0.918s] -- Installing: /home/matheus/Documents/Projeto/ros2_ws/install/go2_description/share/go2_description//meshes/calf_mirror.dae
[0.921s] -- Installing: /home/matheus/Documents/Projeto/ros2_ws/install/go2_description/share/go2_description//meshes/hip.dae
[0.930s] -- Installing: /home/matheus/Documents/Projeto/ros2_ws/install/go2_description/share/go2_description//meshes/thigh_mirror.dae
[0.938s] -- Installing: /home/matheus/Documents/Projeto/ros2_ws/install/go2_description/share/go2_description//rviz
[0.938s] -- Installing: /home/matheus/Documents/Projeto/ros2_ws/install/go2_description/share/go2_description//rviz/go2_desc_v2.rviz
[0.939s] -- Installing: /home/matheus/Documents/Projeto/ros2_ws/install/go2_description/share/go2_description//rviz/go2_rviz_versao_2.rviz
[0.939s] -- Installing: /home/matheus/Documents/Projeto/ros2_ws/install/go2_description/share/go2_description//rviz/go2_description.rviz
[0.939s] -- Installing: /home/matheus/Documents/Projeto/ros2_ws/install/go2_description/share/go2_description//rviz/single_robot_conf.rviz
[0.940s] -- Installing: /home/matheus/Documents/Projeto/ros2_ws/install/go2_description/share/go2_description//urdf
[0.940s] -- Installing: /home/matheus/Documents/Projeto/ros2_ws/install/go2_description/share/go2_description//urdf/go2_description.urdf
[0.940s] -- Installing: /home/matheus/Documents/Projeto/ros2_ws/install/go2_description/share/go2_description//xacro
[0.940s] -- Installing: /home/matheus/Documents/Projeto/ros2_ws/install/go2_description/share/go2_description//xacro/leg.xacro
[0.941s] -- Installing: /home/matheus/Documents/Projeto/ros2_ws/install/go2_description/share/go2_description//xacro/materials.xacro
[0.941s] -- Installing: /home/matheus/Documents/Projeto/ros2_ws/install/go2_description/share/go2_description//xacro/transmission.xacro
[0.941s] -- Installing: /home/matheus/Documents/Projeto/ros2_ws/install/go2_description/share/go2_description//xacro/robot.xacro
[0.941s] -- Installing: /home/matheus/Documents/Projeto/ros2_ws/install/go2_description/share/go2_description//xacro/const.xacro
[0.942s] -- Installing: /home/matheus/Documents/Projeto/ros2_ws/install/go2_description/share/go2_description//xacro/gazebo.xacro
[0.942s] -- Installing: /home/matheus/Documents/Projeto/ros2_ws/install/go2_description/share/ament_index/resource_index/package_run_dependencies/go2_description
[0.942s] -- Installing: /home/matheus/Documents/Projeto/ros2_ws/install/go2_description/share/ament_index/resource_index/parent_prefix_path/go2_description
[0.942s] -- Installing: /home/matheus/Documents/Projeto/ros2_ws/install/go2_description/share/go2_description/environment/ament_prefix_path.sh
[0.942s] -- Installing: /home/matheus/Documents/Projeto/ros2_ws/install/go2_description/share/go2_description/environment/ament_prefix_path.dsv
[0.942s] -- Installing: /home/matheus/Documents/Projeto/ros2_ws/install/go2_description/share/go2_description/environment/path.sh
[0.943s] -- Installing: /home/matheus/Documents/Projeto/ros2_ws/install/go2_description/share/go2_description/environment/path.dsv
[0.943s] -- Installing: /home/matheus/Documents/Projeto/ros2_ws/install/go2_description/share/go2_description/local_setup.bash
[0.943s] -- Installing: /home/matheus/Documents/Projeto/ros2_ws/install/go2_description/share/go2_description/local_setup.sh
[0.943s] -- Installing: /home/matheus/Documents/Projeto/ros2_ws/install/go2_description/share/go2_description/local_setup.zsh
[0.943s] -- Installing: /home/matheus/Documents/Projeto/ros2_ws/install/go2_description/share/go2_description/local_setup.dsv
[0.943s] -- Installing: /home/matheus/Documents/Projeto/ros2_ws/install/go2_description/share/go2_description/package.dsv
[0.943s] -- Installing: /home/matheus/Documents/Projeto/ros2_ws/install/go2_description/share/ament_index/resource_index/packages/go2_description
[0.943s] -- Installing: /home/matheus/Documents/Projeto/ros2_ws/install/go2_description/share/go2_description/cmake/go2_descriptionConfig.cmake
[0.943s] -- Installing: /home/matheus/Documents/Projeto/ros2_ws/install/go2_description/share/go2_description/cmake/go2_descriptionConfig-version.cmake
[0.943s] -- Installing: /home/matheus/Documents/Projeto/ros2_ws/install/go2_description/share/go2_description/package.xml
[0.945s] Invoked command in '/home/matheus/Documents/Projeto/ros2_ws/build/go2_description' returned '0': CMAKE_PREFIX_PATH=${CMAKE_PREFIX_PATH}:/home/matheus/Documents/Projeto/ros2_ws/install/go2_main:/opt/ros/humble /usr/bin/cmake --install /home/matheus/Documents/Projeto/ros2_ws/build/go2_description
