-- Install configuration: ""
-- Up-to-date: /home/matheus/Documents/Projeto/ros2_ws/install/go2_description/share/go2_description//dae
-- Up-to-date: /home/matheus/Documents/Projeto/ros2_ws/install/go2_description/share/go2_description//dae/thigh.dae
-- Up-to-date: /home/matheus/Documents/Projeto/ros2_ws/install/go2_description/share/go2_description//dae/calf.dae
-- Up-to-date: /home/matheus/Documents/Projeto/ros2_ws/install/go2_description/share/go2_description//dae/base.dae
-- Up-to-date: /home/matheus/Documents/Projeto/ros2_ws/install/go2_description/share/go2_description//dae/foot.dae
-- Up-to-date: /home/matheus/Documents/Projeto/ros2_ws/install/go2_description/share/go2_description//dae/calf_mirror.dae
-- Up-to-date: /home/matheus/Documents/Projeto/ros2_ws/install/go2_description/share/go2_description//dae/hip.dae
-- Up-to-date: /home/matheus/Documents/Projeto/ros2_ws/install/go2_description/share/go2_description//dae/thigh_mirror.dae
-- Up-to-date: /home/matheus/Documents/Projeto/ros2_ws/install/go2_description/share/go2_description//launch
-- Up-to-date: /home/matheus/Documents/Projeto/ros2_ws/install/go2_description/share/go2_description//launch/robot.launch.py
-- Up-to-date: /home/matheus/Documents/Projeto/ros2_ws/install/go2_description/share/go2_description//meshes
-- Up-to-date: /home/matheus/Documents/Projeto/ros2_ws/install/go2_description/share/go2_description//meshes/trunk.dae
-- Up-to-date: /home/matheus/Documents/Projeto/ros2_ws/install/go2_description/share/go2_description//meshes/thigh.dae
-- Up-to-date: /home/matheus/Documents/Projeto/ros2_ws/install/go2_description/share/go2_description//meshes/calf.dae
-- Up-to-date: /home/matheus/Documents/Projeto/ros2_ws/install/go2_description/share/go2_description//meshes/foot.dae
-- Up-to-date: /home/matheus/Documents/Projeto/ros2_ws/install/go2_description/share/go2_description//meshes/calf_mirror.dae
-- Up-to-date: /home/matheus/Documents/Projeto/ros2_ws/install/go2_description/share/go2_description//meshes/hip.dae
-- Up-to-date: /home/matheus/Documents/Projeto/ros2_ws/install/go2_description/share/go2_description//meshes/thigh_mirror.dae
-- Up-to-date: /home/matheus/Documents/Projeto/ros2_ws/install/go2_description/share/go2_description//rviz
-- Up-to-date: /home/matheus/Documents/Projeto/ros2_ws/install/go2_description/share/go2_description//rviz/go2_desc_v2.rviz
-- Installing: /home/matheus/Documents/Projeto/ros2_ws/install/go2_description/share/go2_description//rviz/teste_robot_model.rviz
-- Up-to-date: /home/matheus/Documents/Projeto/ros2_ws/install/go2_description/share/go2_description//rviz/go2_rviz_versao_2.rviz
-- Up-to-date: /home/matheus/Documents/Projeto/ros2_ws/install/go2_description/share/go2_description//rviz/v3_go2.rviz
-- Up-to-date: /home/matheus/Documents/Projeto/ros2_ws/install/go2_description/share/go2_description//rviz/go2_description.rviz
-- Up-to-date: /home/matheus/Documents/Projeto/ros2_ws/install/go2_description/share/go2_description//rviz/single_robot_conf.rviz
-- Up-to-date: /home/matheus/Documents/Projeto/ros2_ws/install/go2_description/share/go2_description//urdf
-- Up-to-date: /home/matheus/Documents/Projeto/ros2_ws/install/go2_description/share/go2_description//urdf/go2_description.urdf
-- Up-to-date: /home/matheus/Documents/Projeto/ros2_ws/install/go2_description/share/go2_description//xacro
-- Up-to-date: /home/matheus/Documents/Projeto/ros2_ws/install/go2_description/share/go2_description//xacro/leg.xacro
-- Up-to-date: /home/matheus/Documents/Projeto/ros2_ws/install/go2_description/share/go2_description//xacro/materials.xacro
-- Up-to-date: /home/matheus/Documents/Projeto/ros2_ws/install/go2_description/share/go2_description//xacro/transmission.xacro
-- Up-to-date: /home/matheus/Documents/Projeto/ros2_ws/install/go2_description/share/go2_description//xacro/robot.xacro
-- Up-to-date: /home/matheus/Documents/Projeto/ros2_ws/install/go2_description/share/go2_description//xacro/const.xacro
-- Up-to-date: /home/matheus/Documents/Projeto/ros2_ws/install/go2_description/share/go2_description//xacro/gazebo.xacro
-- Up-to-date: /home/matheus/Documents/Projeto/ros2_ws/install/go2_description/share/ament_index/resource_index/package_run_dependencies/go2_description
-- Up-to-date: /home/matheus/Documents/Projeto/ros2_ws/install/go2_description/share/ament_index/resource_index/parent_prefix_path/go2_description
-- Up-to-date: /home/matheus/Documents/Projeto/ros2_ws/install/go2_description/share/go2_description/environment/ament_prefix_path.sh
-- Up-to-date: /home/matheus/Documents/Projeto/ros2_ws/install/go2_description/share/go2_description/environment/ament_prefix_path.dsv
-- Up-to-date: /home/matheus/Documents/Projeto/ros2_ws/install/go2_description/share/go2_description/environment/path.sh
-- Up-to-date: /home/matheus/Documents/Projeto/ros2_ws/install/go2_description/share/go2_description/environment/path.dsv
-- Up-to-date: /home/matheus/Documents/Projeto/ros2_ws/install/go2_description/share/go2_description/local_setup.bash
-- Up-to-date: /home/matheus/Documents/Projeto/ros2_ws/install/go2_description/share/go2_description/local_setup.sh
-- Up-to-date: /home/matheus/Documents/Projeto/ros2_ws/install/go2_description/share/go2_description/local_setup.zsh
-- Up-to-date: /home/matheus/Documents/Projeto/ros2_ws/install/go2_description/share/go2_description/local_setup.dsv
-- Installing: /home/matheus/Documents/Projeto/ros2_ws/install/go2_description/share/go2_description/package.dsv
-- Up-to-date: /home/matheus/Documents/Projeto/ros2_ws/install/go2_description/share/ament_index/resource_index/packages/go2_description
-- Up-to-date: /home/matheus/Documents/Projeto/ros2_ws/install/go2_description/share/go2_description/cmake/go2_descriptionConfig.cmake
-- Up-to-date: /home/matheus/Documents/Projeto/ros2_ws/install/go2_description/share/go2_description/cmake/go2_descriptionConfig-version.cmake
-- Up-to-date: /home/matheus/Documents/Projeto/ros2_ws/install/go2_description/share/go2_description/package.xml
