running egg_info
creating ../../build/go2_main/go2_main.egg-info
writing ../../build/go2_main/go2_main.egg-info/PKG-INFO
writing dependency_links to ../../build/go2_main/go2_main.egg-info/dependency_links.txt
writing entry points to ../../build/go2_main/go2_main.egg-info/entry_points.txt
writing requirements to ../../build/go2_main/go2_main.egg-info/requires.txt
writing top-level names to ../../build/go2_main/go2_main.egg-info/top_level.txt
writing manifest file '../../build/go2_main/go2_main.egg-info/SOURCES.txt'
reading manifest file '../../build/go2_main/go2_main.egg-info/SOURCES.txt'
writing manifest file '../../build/go2_main/go2_main.egg-info/SOURCES.txt'
running build
running build_py
creating /home/matheus/Documents/Projeto/ros2_ws/build/go2_main/build
creating /home/matheus/Documents/Projeto/ros2_ws/build/go2_main/build/lib
creating /home/matheus/Documents/Projeto/ros2_ws/build/go2_main/build/lib/go2_main
copying go2_main/__init__.py -> /home/matheus/Documents/Projeto/ros2_ws/build/go2_main/build/lib/go2_main
copying go2_main/valores_juntas.py -> /home/matheus/Documents/Projeto/ros2_ws/build/go2_main/build/lib/go2_main
copying go2_main/broadcast_tf.py -> /home/matheus/Documents/Projeto/ros2_ws/build/go2_main/build/lib/go2_main
copying go2_main/calculos.py -> /home/matheus/Documents/Projeto/ros2_ws/build/go2_main/build/lib/go2_main
running install
running install_lib
creating /home/matheus/Documents/Projeto/ros2_ws/install/go2_main/lib/python3.10/site-packages/go2_main
copying /home/matheus/Documents/Projeto/ros2_ws/build/go2_main/build/lib/go2_main/__init__.py -> /home/matheus/Documents/Projeto/ros2_ws/install/go2_main/lib/python3.10/site-packages/go2_main
copying /home/matheus/Documents/Projeto/ros2_ws/build/go2_main/build/lib/go2_main/valores_juntas.py -> /home/matheus/Documents/Projeto/ros2_ws/install/go2_main/lib/python3.10/site-packages/go2_main
copying /home/matheus/Documents/Projeto/ros2_ws/build/go2_main/build/lib/go2_main/broadcast_tf.py -> /home/matheus/Documents/Projeto/ros2_ws/install/go2_main/lib/python3.10/site-packages/go2_main
copying /home/matheus/Documents/Projeto/ros2_ws/build/go2_main/build/lib/go2_main/calculos.py -> /home/matheus/Documents/Projeto/ros2_ws/install/go2_main/lib/python3.10/site-packages/go2_main
byte-compiling /home/matheus/Documents/Projeto/ros2_ws/install/go2_main/lib/python3.10/site-packages/go2_main/__init__.py to __init__.cpython-310.pyc
byte-compiling /home/matheus/Documents/Projeto/ros2_ws/install/go2_main/lib/python3.10/site-packages/go2_main/valores_juntas.py to valores_juntas.cpython-310.pyc
byte-compiling /home/matheus/Documents/Projeto/ros2_ws/install/go2_main/lib/python3.10/site-packages/go2_main/broadcast_tf.py to broadcast_tf.cpython-310.pyc
byte-compiling /home/matheus/Documents/Projeto/ros2_ws/install/go2_main/lib/python3.10/site-packages/go2_main/calculos.py to calculos.cpython-310.pyc
running install_data
creating /home/matheus/Documents/Projeto/ros2_ws/install/go2_main/share/ament_index
creating /home/matheus/Documents/Projeto/ros2_ws/install/go2_main/share/ament_index/resource_index
creating /home/matheus/Documents/Projeto/ros2_ws/install/go2_main/share/ament_index/resource_index/packages
copying resource/go2_main -> /home/matheus/Documents/Projeto/ros2_ws/install/go2_main/share/ament_index/resource_index/packages
copying package.xml -> /home/matheus/Documents/Projeto/ros2_ws/install/go2_main/share/go2_main
creating /home/matheus/Documents/Projeto/ros2_ws/install/go2_main/share/go2_main/launch
copying launch/robot_go2.launch.py -> /home/matheus/Documents/Projeto/ros2_ws/install/go2_main/share/go2_main/launch
running install_egg_info
Copying ../../build/go2_main/go2_main.egg-info to /home/matheus/Documents/Projeto/ros2_ws/install/go2_main/lib/python3.10/site-packages/go2_main-0.0.0-py3.10.egg-info
running install_scripts
Installing broadcast_tf script to /home/matheus/Documents/Projeto/ros2_ws/install/go2_main/lib/go2_main
Installing valores_juntas script to /home/matheus/Documents/Projeto/ros2_ws/install/go2_main/lib/go2_main
writing list of installed files to '/home/matheus/Documents/Projeto/ros2_ws/build/go2_main/install.log'
