[0.012s] Invoking command in '/home/matheus/Documents/Projeto/ros2_ws/build/go2_description': CMAKE_PREFIX_PATH=${CMAKE_PREFIX_PATH}:/home/matheus/Documents/Projeto/ros2_ws/install/go2_main:/opt/ros/humble /usr/bin/cmake --build /home/matheus/Documents/Projeto/ros2_ws/build/go2_description -- -j8 -l8
[0.226s] Invoked command in '/home/matheus/Documents/Projeto/ros2_ws/build/go2_description' returned '0': CMAKE_PREFIX_PATH=${CMAKE_PREFIX_PATH}:/home/matheus/Documents/Projeto/ros2_ws/install/go2_main:/opt/ros/humble /usr/bin/cmake --build /home/matheus/Documents/Projeto/ros2_ws/build/go2_description -- -j8 -l8
[0.247s] Invoking command in '/home/matheus/Documents/Projeto/ros2_ws/build/go2_description': CMAKE_PREFIX_PATH=${CMAKE_PREFIX_PATH}:/home/matheus/Documents/Projeto/ros2_ws/install/go2_main:/opt/ros/humble /usr/bin/cmake --install /home/matheus/Documents/Projeto/ros2_ws/build/go2_description
[0.253s] -- Install configuration: ""
[0.253s] -- Up-to-date: /home/matheus/Documents/Projeto/ros2_ws/install/go2_description/share/go2_description//dae
[0.253s] -- Up-to-date: /home/matheus/Documents/Projeto/ros2_ws/install/go2_description/share/go2_description//dae/thigh.dae
[0.253s] -- Up-to-date: /home/matheus/Documents/Projeto/ros2_ws/install/go2_description/share/go2_description//dae/calf.dae
[0.254s] -- Up-to-date: /home/matheus/Documents/Projeto/ros2_ws/install/go2_description/share/go2_description//dae/base.dae
[0.254s] -- Up-to-date: /home/matheus/Documents/Projeto/ros2_ws/install/go2_description/share/go2_description//dae/foot.dae
[0.254s] -- Up-to-date: /home/matheus/Documents/Projeto/ros2_ws/install/go2_description/share/go2_description//dae/calf_mirror.dae
[0.254s] -- Up-to-date: /home/matheus/Documents/Projeto/ros2_ws/install/go2_description/share/go2_description//dae/hip.dae
[0.254s] -- Up-to-date: /home/matheus/Documents/Projeto/ros2_ws/install/go2_description/share/go2_description//dae/thigh_mirror.dae
[0.254s] -- Up-to-date: /home/matheus/Documents/Projeto/ros2_ws/install/go2_description/share/go2_description//launch
[0.254s] -- Up-to-date: /home/matheus/Documents/Projeto/ros2_ws/install/go2_description/share/go2_description//launch/robot.launch.py
[0.254s] -- Up-to-date: /home/matheus/Documents/Projeto/ros2_ws/install/go2_description/share/go2_description//meshes
[0.254s] -- Up-to-date: /home/matheus/Documents/Projeto/ros2_ws/install/go2_description/share/go2_description//meshes/trunk.dae
[0.254s] -- Up-to-date: /home/matheus/Documents/Projeto/ros2_ws/install/go2_description/share/go2_description//meshes/thigh.dae
[0.254s] -- Up-to-date: /home/matheus/Documents/Projeto/ros2_ws/install/go2_description/share/go2_description//meshes/calf.dae
[0.254s] -- Up-to-date: /home/matheus/Documents/Projeto/ros2_ws/install/go2_description/share/go2_description//meshes/foot.dae
[0.254s] -- Up-to-date: /home/matheus/Documents/Projeto/ros2_ws/install/go2_description/share/go2_description//meshes/calf_mirror.dae
[0.254s] -- Up-to-date: /home/matheus/Documents/Projeto/ros2_ws/install/go2_description/share/go2_description//meshes/hip.dae
[0.254s] -- Up-to-date: /home/matheus/Documents/Projeto/ros2_ws/install/go2_description/share/go2_description//meshes/thigh_mirror.dae
[0.254s] -- Up-to-date: /home/matheus/Documents/Projeto/ros2_ws/install/go2_description/share/go2_description//rviz
[0.254s] -- Up-to-date: /home/matheus/Documents/Projeto/ros2_ws/install/go2_description/share/go2_description//rviz/go2_desc_v2.rviz
[0.254s] -- Up-to-date: /home/matheus/Documents/Projeto/ros2_ws/install/go2_description/share/go2_description//rviz/teste_tf.rviz
[0.254s] -- Up-to-date: /home/matheus/Documents/Projeto/ros2_ws/install/go2_description/share/go2_description//rviz/teste_robot_model.rviz
[0.254s] -- Up-to-date: /home/matheus/Documents/Projeto/ros2_ws/install/go2_description/share/go2_description//rviz/teste_map.rviz
[0.254s] -- Up-to-date: /home/matheus/Documents/Projeto/ros2_ws/install/go2_description/share/go2_description//rviz/go2_rviz_versao_2.rviz
[0.254s] -- Up-to-date: /home/matheus/Documents/Projeto/ros2_ws/install/go2_description/share/go2_description//rviz/v3_go2.rviz
[0.255s] -- Up-to-date: /home/matheus/Documents/Projeto/ros2_ws/install/go2_description/share/go2_description//rviz/go2_description.rviz
[0.255s] -- Up-to-date: /home/matheus/Documents/Projeto/ros2_ws/install/go2_description/share/go2_description//rviz/single_robot_conf.rviz
[0.255s] -- Up-to-date: /home/matheus/Documents/Projeto/ros2_ws/install/go2_description/share/go2_description//urdf
[0.255s] -- Up-to-date: /home/matheus/Documents/Projeto/ros2_ws/install/go2_description/share/go2_description//urdf/go2_description.urdf
[0.255s] -- Up-to-date: /home/matheus/Documents/Projeto/ros2_ws/install/go2_description/share/go2_description//xacro
[0.255s] -- Up-to-date: /home/matheus/Documents/Projeto/ros2_ws/install/go2_description/share/go2_description//xacro/leg.xacro
[0.255s] -- Up-to-date: /home/matheus/Documents/Projeto/ros2_ws/install/go2_description/share/go2_description//xacro/materials.xacro
[0.255s] -- Up-to-date: /home/matheus/Documents/Projeto/ros2_ws/install/go2_description/share/go2_description//xacro/transmission.xacro
[0.255s] -- Up-to-date: /home/matheus/Documents/Projeto/ros2_ws/install/go2_description/share/go2_description//xacro/robot.xacro
[0.255s] -- Up-to-date: /home/matheus/Documents/Projeto/ros2_ws/install/go2_description/share/go2_description//xacro/const.xacro
[0.255s] -- Up-to-date: /home/matheus/Documents/Projeto/ros2_ws/install/go2_description/share/go2_description//xacro/gazebo.xacro
[0.256s] -- Up-to-date: /home/matheus/Documents/Projeto/ros2_ws/install/go2_description/share/ament_index/resource_index/package_run_dependencies/go2_description
[0.256s] -- Up-to-date: /home/matheus/Documents/Projeto/ros2_ws/install/go2_description/share/ament_index/resource_index/parent_prefix_path/go2_description
[0.256s] -- Up-to-date: /home/matheus/Documents/Projeto/ros2_ws/install/go2_description/share/go2_description/environment/ament_prefix_path.sh
[0.256s] -- Up-to-date: /home/matheus/Documents/Projeto/ros2_ws/install/go2_description/share/go2_description/environment/ament_prefix_path.dsv
[0.256s] -- Up-to-date: /home/matheus/Documents/Projeto/ros2_ws/install/go2_description/share/go2_description/environment/path.sh
[0.256s] -- Up-to-date: /home/matheus/Documents/Projeto/ros2_ws/install/go2_description/share/go2_description/environment/path.dsv
[0.256s] -- Up-to-date: /home/matheus/Documents/Projeto/ros2_ws/install/go2_description/share/go2_description/local_setup.bash
[0.256s] -- Up-to-date: /home/matheus/Documents/Projeto/ros2_ws/install/go2_description/share/go2_description/local_setup.sh
[0.256s] -- Up-to-date: /home/matheus/Documents/Projeto/ros2_ws/install/go2_description/share/go2_description/local_setup.zsh
[0.256s] -- Up-to-date: /home/matheus/Documents/Projeto/ros2_ws/install/go2_description/share/go2_description/local_setup.dsv
[0.256s] -- Installing: /home/matheus/Documents/Projeto/ros2_ws/install/go2_description/share/go2_description/package.dsv
[0.257s] -- Up-to-date: /home/matheus/Documents/Projeto/ros2_ws/install/go2_description/share/ament_index/resource_index/packages/go2_description
[0.257s] -- Up-to-date: /home/matheus/Documents/Projeto/ros2_ws/install/go2_description/share/go2_description/cmake/go2_descriptionConfig.cmake
[0.257s] -- Up-to-date: /home/matheus/Documents/Projeto/ros2_ws/install/go2_description/share/go2_description/cmake/go2_descriptionConfig-version.cmake
[0.257s] -- Up-to-date: /home/matheus/Documents/Projeto/ros2_ws/install/go2_description/share/go2_description/package.xml
[0.257s] Invoked command in '/home/matheus/Documents/Projeto/ros2_ws/build/go2_description' returned '0': CMAKE_PREFIX_PATH=${CMAKE_PREFIX_PATH}:/home/matheus/Documents/Projeto/ros2_ws/install/go2_main:/opt/ros/humble /usr/bin/cmake --install /home/matheus/Documents/Projeto/ros2_ws/build/go2_description
