running egg_info
writing ../../build/go2_main/go2_main.egg-info/PKG-INFO
writing dependency_links to ../../build/go2_main/go2_main.egg-info/dependency_links.txt
writing entry points to ../../build/go2_main/go2_main.egg-info/entry_points.txt
writing requirements to ../../build/go2_main/go2_main.egg-info/requires.txt
writing top-level names to ../../build/go2_main/go2_main.egg-info/top_level.txt
reading manifest file '../../build/go2_main/go2_main.egg-info/SOURCES.txt'
writing manifest file '../../build/go2_main/go2_main.egg-info/SOURCES.txt'
running build
running build_py
copying go2_main/pointcloud_bridge.py -> /home/matheus/Documents/Projeto/ros2_ws/build/go2_main/build/lib/go2_main
running install
running install_lib
copying /home/matheus/Documents/Projeto/ros2_ws/build/go2_main/build/lib/go2_main/pointcloud_bridge.py -> /home/matheus/Documents/Projeto/ros2_ws/install/go2_main/lib/python3.10/site-packages/go2_main
byte-compiling /home/matheus/Documents/Projeto/ros2_ws/install/go2_main/lib/python3.10/site-packages/go2_main/pointcloud_bridge.py to pointcloud_bridge.cpython-310.pyc
running install_data
copying package.xml -> /home/matheus/Documents/Projeto/ros2_ws/install/go2_main/share/go2_main
copying launch/robot_go2_velodyne_puro.launch.py -> /home/matheus/Documents/Projeto/ros2_ws/install/go2_main/share/go2_main/launch
copying launch/robot_go2_velodyne_cloud_to_laser_pkg.launch.py -> /home/matheus/Documents/Projeto/ros2_ws/install/go2_main/share/go2_main/launch
copying launch/robot_go2_velodyne_laserscan_pkg.launch.py -> /home/matheus/Documents/Projeto/ros2_ws/install/go2_main/share/go2_main/launch
running install_egg_info
removing '/home/matheus/Documents/Projeto/ros2_ws/install/go2_main/lib/python3.10/site-packages/go2_main-0.0.0-py3.10.egg-info' (and everything under it)
Copying ../../build/go2_main/go2_main.egg-info to /home/matheus/Documents/Projeto/ros2_ws/install/go2_main/lib/python3.10/site-packages/go2_main-0.0.0-py3.10.egg-info
running install_scripts
Installing broadcast_tf script to /home/matheus/Documents/Projeto/ros2_ws/install/go2_main/lib/go2_main
Installing pointcloud_bridge script to /home/matheus/Documents/Projeto/ros2_ws/install/go2_main/lib/go2_main
Installing valores_juntas script to /home/matheus/Documents/Projeto/ros2_ws/install/go2_main/lib/go2_main
writing list of installed files to '/home/matheus/Documents/Projeto/ros2_ws/build/go2_main/install.log'
