[0.011s] Invoking command in '/home/matheus/Documents/Projeto/ros2_ws/build/go2_description': CMAKE_PREFIX_PATH=${CMAKE_PREFIX_PATH}:/home/matheus/Documents/Projeto/ros2_ws/install/go2_main:/opt/ros/humble /usr/bin/cmake /home/matheus/Documents/Projeto/ros2_ws/src/go2_description -DCMAKE_INSTALL_PREFIX=/home/matheus/Documents/Projeto/ros2_ws/install/go2_description
[0.048s] -- The C compiler identification is GNU 11.4.0
[0.086s] -- The CXX compiler identification is GNU 11.4.0
[0.091s] -- Detecting C compiler ABI info
[0.136s] -- Detecting C compiler ABI info - done
[0.142s] -- Check for working C compiler: /usr/bin/cc - skipped
[0.142s] -- Detecting C compile features
[0.143s] -- Detecting C compile features - done
[0.145s] -- Detecting CXX compiler ABI info
[0.200s] -- Detecting CXX compiler ABI info - done
[0.206s] -- Check for working CXX compiler: /usr/bin/c++ - skipped
[0.206s] -- Detecting CXX compile features
[0.206s] -- Detecting CXX compile features - done
[0.209s] -- Found ament_cmake: 1.3.10 (/opt/ros/humble/share/ament_cmake/cmake)
[0.331s] -- Found Python3: /usr/bin/python3 (found version "3.10.12") found components: Interpreter 
[0.404s] -- Found urdf: 2.6.1 (/opt/ros/humble/share/urdf/cmake)
[0.449s] -- Found xacro: 2.0.8 (/opt/ros/humble/share/xacro/cmake)
[0.450s] -- Found ament_lint_auto: 0.12.11 (/opt/ros/humble/share/ament_lint_auto/cmake)
[0.515s] -- Added test 'flake8' to check Python code syntax and style conventions
[0.516s] -- Added test 'lint_cmake' to check CMake code style
[0.517s] -- Added test 'pep257' to check Python code against some of the docstring style conventions in PEP 257
[0.518s] -- Added test 'xmllint' to check XML markup files
[0.519s] -- Configuring done
[0.521s] -- Generating done
[0.522s] -- Build files have been written to: /home/matheus/Documents/Projeto/ros2_ws/build/go2_description
[0.528s] Invoked command in '/home/matheus/Documents/Projeto/ros2_ws/build/go2_description' returned '0': CMAKE_PREFIX_PATH=${CMAKE_PREFIX_PATH}:/home/matheus/Documents/Projeto/ros2_ws/install/go2_main:/opt/ros/humble /usr/bin/cmake /home/matheus/Documents/Projeto/ros2_ws/src/go2_description -DCMAKE_INSTALL_PREFIX=/home/matheus/Documents/Projeto/ros2_ws/install/go2_description
[0.529s] Invoking command in '/home/matheus/Documents/Projeto/ros2_ws/build/go2_description': CMAKE_PREFIX_PATH=${CMAKE_PREFIX_PATH}:/home/matheus/Documents/Projeto/ros2_ws/install/go2_main:/opt/ros/humble /usr/bin/cmake --build /home/matheus/Documents/Projeto/ros2_ws/build/go2_description -- -j8 -l8
[0.558s] Invoked command in '/home/matheus/Documents/Projeto/ros2_ws/build/go2_description' returned '0': CMAKE_PREFIX_PATH=${CMAKE_PREFIX_PATH}:/home/matheus/Documents/Projeto/ros2_ws/install/go2_main:/opt/ros/humble /usr/bin/cmake --build /home/matheus/Documents/Projeto/ros2_ws/build/go2_description -- -j8 -l8
[0.581s] Invoking command in '/home/matheus/Documents/Projeto/ros2_ws/build/go2_description': CMAKE_PREFIX_PATH=${CMAKE_PREFIX_PATH}:/home/matheus/Documents/Projeto/ros2_ws/install/go2_main:/opt/ros/humble /usr/bin/cmake --install /home/matheus/Documents/Projeto/ros2_ws/build/go2_description
[0.586s] -- Install configuration: ""
[0.586s] -- Installing: /home/matheus/Documents/Projeto/ros2_ws/install/go2_description/share/go2_description//dae
[0.586s] -- Installing: /home/matheus/Documents/Projeto/ros2_ws/install/go2_description/share/go2_description//dae/thigh.dae
[0.588s] -- Installing: /home/matheus/Documents/Projeto/ros2_ws/install/go2_description/share/go2_description//dae/calf.dae
[0.589s] -- Installing: /home/matheus/Documents/Projeto/ros2_ws/install/go2_description/share/go2_description//dae/base.dae
[0.595s] -- Installing: /home/matheus/Documents/Projeto/ros2_ws/install/go2_description/share/go2_description//dae/foot.dae
[0.596s] -- Installing: /home/matheus/Documents/Projeto/ros2_ws/install/go2_description/share/go2_description//dae/calf_mirror.dae
[0.597s] -- Installing: /home/matheus/Documents/Projeto/ros2_ws/install/go2_description/share/go2_description//dae/hip.dae
[0.600s] -- Installing: /home/matheus/Documents/Projeto/ros2_ws/install/go2_description/share/go2_description//dae/thigh_mirror.dae
[0.602s] -- Installing: /home/matheus/Documents/Projeto/ros2_ws/install/go2_description/share/go2_description//launch
[0.602s] -- Installing: /home/matheus/Documents/Projeto/ros2_ws/install/go2_description/share/go2_description//launch/robot.launch.py
[0.602s] -- Installing: /home/matheus/Documents/Projeto/ros2_ws/install/go2_description/share/go2_description//meshes
[0.602s] -- Installing: /home/matheus/Documents/Projeto/ros2_ws/install/go2_description/share/go2_description//meshes/trunk.dae
[0.608s] -- Installing: /home/matheus/Documents/Projeto/ros2_ws/install/go2_description/share/go2_description//meshes/thigh.dae
[0.610s] -- Installing: /home/matheus/Documents/Projeto/ros2_ws/install/go2_description/share/go2_description//meshes/calf.dae
[0.610s] -- Installing: /home/matheus/Documents/Projeto/ros2_ws/install/go2_description/share/go2_description//meshes/foot.dae
[0.611s] -- Installing: /home/matheus/Documents/Projeto/ros2_ws/install/go2_description/share/go2_description//meshes/calf_mirror.dae
[0.611s] -- Installing: /home/matheus/Documents/Projeto/ros2_ws/install/go2_description/share/go2_description//meshes/hip.dae
[0.614s] -- Installing: /home/matheus/Documents/Projeto/ros2_ws/install/go2_description/share/go2_description//meshes/thigh_mirror.dae
[0.616s] -- Installing: /home/matheus/Documents/Projeto/ros2_ws/install/go2_description/share/go2_description//rviz
[0.616s] -- Installing: /home/matheus/Documents/Projeto/ros2_ws/install/go2_description/share/go2_description//rviz/go2_desc_v2.rviz
[0.616s] -- Installing: /home/matheus/Documents/Projeto/ros2_ws/install/go2_description/share/go2_description//rviz/teste_tf.rviz
[0.616s] -- Installing: /home/matheus/Documents/Projeto/ros2_ws/install/go2_description/share/go2_description//rviz/teste_robot_model.rviz
[0.616s] -- Installing: /home/matheus/Documents/Projeto/ros2_ws/install/go2_description/share/go2_description//rviz/teste_map.rviz
[0.616s] -- Installing: /home/matheus/Documents/Projeto/ros2_ws/install/go2_description/share/go2_description//rviz/go2_rviz_versao_2.rviz
[0.616s] -- Installing: /home/matheus/Documents/Projeto/ros2_ws/install/go2_description/share/go2_description//rviz/v3_go2.rviz
[0.616s] -- Installing: /home/matheus/Documents/Projeto/ros2_ws/install/go2_description/share/go2_description//rviz/go2_description.rviz
[0.616s] -- Installing: /home/matheus/Documents/Projeto/ros2_ws/install/go2_description/share/go2_description//rviz/single_robot_conf.rviz
[0.617s] -- Installing: /home/matheus/Documents/Projeto/ros2_ws/install/go2_description/share/go2_description//urdf
[0.617s] -- Installing: /home/matheus/Documents/Projeto/ros2_ws/install/go2_description/share/go2_description//urdf/go2_description.urdf
[0.617s] -- Installing: /home/matheus/Documents/Projeto/ros2_ws/install/go2_description/share/go2_description//xacro
[0.617s] -- Installing: /home/matheus/Documents/Projeto/ros2_ws/install/go2_description/share/go2_description//xacro/leg.xacro
[0.617s] -- Installing: /home/matheus/Documents/Projeto/ros2_ws/install/go2_description/share/go2_description//xacro/materials.xacro
[0.617s] -- Installing: /home/matheus/Documents/Projeto/ros2_ws/install/go2_description/share/go2_description//xacro/transmission.xacro
[0.617s] -- Installing: /home/matheus/Documents/Projeto/ros2_ws/install/go2_description/share/go2_description//xacro/robot.xacro
[0.617s] -- Installing: /home/matheus/Documents/Projeto/ros2_ws/install/go2_description/share/go2_description//xacro/const.xacro
[0.617s] -- Installing: /home/matheus/Documents/Projeto/ros2_ws/install/go2_description/share/go2_description//xacro/gazebo.xacro
[0.617s] -- Installing: /home/matheus/Documents/Projeto/ros2_ws/install/go2_description/share/ament_index/resource_index/package_run_dependencies/go2_description
[0.617s] -- Installing: /home/matheus/Documents/Projeto/ros2_ws/install/go2_description/share/ament_index/resource_index/parent_prefix_path/go2_description
[0.617s] -- Installing: /home/matheus/Documents/Projeto/ros2_ws/install/go2_description/share/go2_description/environment/ament_prefix_path.sh
[0.617s] -- Installing: /home/matheus/Documents/Projeto/ros2_ws/install/go2_description/share/go2_description/environment/ament_prefix_path.dsv
[0.617s] -- Installing: /home/matheus/Documents/Projeto/ros2_ws/install/go2_description/share/go2_description/environment/path.sh
[0.617s] -- Installing: /home/matheus/Documents/Projeto/ros2_ws/install/go2_description/share/go2_description/environment/path.dsv
[0.617s] -- Installing: /home/matheus/Documents/Projeto/ros2_ws/install/go2_description/share/go2_description/local_setup.bash
[0.618s] -- Installing: /home/matheus/Documents/Projeto/ros2_ws/install/go2_description/share/go2_description/local_setup.sh
[0.618s] -- Installing: /home/matheus/Documents/Projeto/ros2_ws/install/go2_description/share/go2_description/local_setup.zsh
[0.618s] -- Installing: /home/matheus/Documents/Projeto/ros2_ws/install/go2_description/share/go2_description/local_setup.dsv
[0.618s] -- Installing: /home/matheus/Documents/Projeto/ros2_ws/install/go2_description/share/go2_description/package.dsv
[0.618s] -- Installing: /home/matheus/Documents/Projeto/ros2_ws/install/go2_description/share/ament_index/resource_index/packages/go2_description
[0.618s] -- Installing: /home/matheus/Documents/Projeto/ros2_ws/install/go2_description/share/go2_description/cmake/go2_descriptionConfig.cmake
[0.618s] -- Installing: /home/matheus/Documents/Projeto/ros2_ws/install/go2_description/share/go2_description/cmake/go2_descriptionConfig-version.cmake
[0.618s] -- Installing: /home/matheus/Documents/Projeto/ros2_ws/install/go2_description/share/go2_description/package.xml
[0.620s] Invoked command in '/home/matheus/Documents/Projeto/ros2_ws/build/go2_description' returned '0': CMAKE_PREFIX_PATH=${CMAKE_PREFIX_PATH}:/home/matheus/Documents/Projeto/ros2_ws/install/go2_main:/opt/ros/humble /usr/bin/cmake --install /home/matheus/Documents/Projeto/ros2_ws/build/go2_description
